
> web@0.1.0 typecheck /Users/jonaskruger/Dev/en13813/apps/web
> tsc --noEmit

__tests__/integration/en13813/recipe-workflow.test.ts(1,71): error TS2307: Cannot find module '@jest/globals' or its corresponding type declarations.
__tests__/integration/en13813/recipe-workflow.test.ts(16,17): error TS2540: Cannot assign to 'NODE_ENV' because it is a read-only property.
app/(auth)/en13813/deviations/new/page.tsx(224,22): error TS18046: 'error' is of type 'unknown'.
app/(auth)/en13813/test-reports/new/page.tsx(277,30): error TS2367: This comparison appears to be unintentional because the types '"ITT" | "System1" | "System3" | "System4" | "FPC" | "External"' and '"System1+"' have no overlap.
app/(auth)/en13813/test-reports/new/page.tsx(368,71): error TS2345: Argument of type '{ recipe_id: string; report_type: "ITT" | "System1" | "System3" | "System4" | "FPC" | "External"; test_lab: string; test_lab_address: string | undefined; notified_body_number: string | undefined; ... 5 more ...; metadata: { ...; }; }' is not assignable to parameter of type 'Partial<TestReport>'.
  Types of property 'report_type' are incompatible.
    Type '"ITT" | "System1" | "System3" | "System4" | "FPC" | "External"' is not assignable to type '"ITT" | "FPC" | "External" | "System1+" | undefined'.
      Type '"System1"' is not assignable to type '"ITT" | "FPC" | "External" | "System1+" | undefined'. Did you mean '"System1+"'?
app/(auth)/en13813/test-reports/new/page.tsx(974,12): error TS2367: This comparison appears to be unintentional because the types '"ITT" | "System1" | "System3" | "System4" | "FPC" | "External"' and '"System1+"' have no overlap.
app/api/en13813/deviations/[id]/actions/route.ts(91,52): error TS18046: 'error' is of type 'unknown'.
app/api/en13813/deviations/[id]/effectiveness/route.ts(80,67): error TS18046: 'error' is of type 'unknown'.
app/api/en13813/deviations/[id]/effectiveness/route.ts(135,66): error TS18046: 'error' is of type 'unknown'.
app/api/en13813/deviations/[id]/route.ts(110,16): error TS18046: 'error' is of type 'unknown'.
app/api/en13813/deviations/route.ts(90,55): error TS18046: 'error' is of type 'unknown'.
components/en13813/DoPGenerator.tsx(15,25): error TS7016: Could not find a declaration file for module 'qrcode'. '/Users/jonaskruger/Dev/en13813/node_modules/.pnpm/qrcode@1.5.4/node_modules/qrcode/lib/index.js' implicitly has an 'any' type.
  Try `npm i --save-dev @types/qrcode` if it exists or add a new declaration (.d.ts) file containing `declare module 'qrcode';`
components/en13813/FPCSystemCompliant.tsx(117,5): error TS2322: Type 'Resolver<{ name: string; frequency: "daily" | "batch" | "weekly" | "monthly" | "continuous"; control_type: "final_product" | "process" | "incoming_material"; test_parameter: string; description?: string | undefined; ... 12 more ...; escalation_procedure?: string | undefined; }, any, { ...; }>' is not assignable to type 'Resolver<{ name: string; status: "draft" | "active" | "archived" | "suspended"; frequency: "daily" | "batch" | "weekly" | "monthly" | "continuous"; control_type: "final_product" | "process" | "incoming_material"; ... 13 more ...; escalation_procedure?: string | undefined; }, any, { ...; }>'.
  Types of parameters 'options' and 'options' are incompatible.
    Type 'ResolverOptions<{ name: string; status: "draft" | "active" | "archived" | "suspended"; frequency: "daily" | "batch" | "weekly" | "monthly" | "continuous"; control_type: "final_product" | "process" | "incoming_material"; ... 13 more ...; escalation_procedure?: string | undefined; }>' is not assignable to type 'ResolverOptions<{ name: string; frequency: "daily" | "batch" | "weekly" | "monthly" | "continuous"; control_type: "final_product" | "process" | "incoming_material"; test_parameter: string; description?: string | undefined; ... 12 more ...; escalation_procedure?: string | undefined; }>'.
      Type '"draft" | "active" | "archived" | "suspended" | undefined' is not assignable to type '"draft" | "active" | "archived" | "suspended"'.
        Type 'undefined' is not assignable to type '"draft" | "active" | "archived" | "suspended"'.
components/en13813/FPCSystemCompliant.tsx(201,43): error TS2345: Argument of type '(data: FPCControlPlanData) => Promise<void>' is not assignable to parameter of type 'SubmitHandler<TFieldValues>'.
  Types of parameters 'data' and 'data' are incompatible.
    Type 'TFieldValues' is not assignable to type '{ name: string; status: "draft" | "active" | "archived" | "suspended"; frequency: "daily" | "batch" | "weekly" | "monthly" | "continuous"; control_type: "final_product" | "process" | "incoming_material"; ... 13 more ...; escalation_procedure?: string | undefined; }'.
      Type 'FieldValues' is missing the following properties from type '{ name: string; status: "draft" | "active" | "archived" | "suspended"; frequency: "daily" | "batch" | "weekly" | "monthly" | "continuous"; control_type: "final_product" | "process" | "incoming_material"; ... 13 more ...; escalation_procedure?: string | undefined; }': name, status, frequency, control_type, test_parameter
components/en13813/FPCSystemCompliant.tsx(217,21): error TS2322: Type 'Control<{ name: string; status: "draft" | "active" | "archived" | "suspended"; frequency: "daily" | "batch" | "weekly" | "monthly" | "continuous"; control_type: "final_product" | "process" | "incoming_material"; ... 13 more ...; escalation_procedure?: string | undefined; }, any, TFieldValues>' is not assignable to type 'Control<{ name: string; status: "draft" | "active" | "archived" | "suspended"; frequency: "daily" | "batch" | "weekly" | "monthly" | "continuous"; control_type: "final_product" | "process" | "incoming_material"; ... 13 more ...; escalation_procedure?: string | undefined; }, any, { ...; }>'.
  The types of '_options.resolver' are incompatible between these types.
    Type 'Resolver<{ name: string; status: "draft" | "active" | "archived" | "suspended"; frequency: "daily" | "batch" | "weekly" | "monthly" | "continuous"; control_type: "final_product" | "process" | "incoming_material"; ... 13 more ...; escalation_procedure?: string | undefined; }, any, TFieldValues> | undefined' is not assignable to type 'Resolver<{ name: string; status: "draft" | "active" | "archived" | "suspended"; frequency: "daily" | "batch" | "weekly" | "monthly" | "continuous"; control_type: "final_product" | "process" | "incoming_material"; ... 13 more ...; escalation_procedure?: string | undefined; }, any, { ...; }> | undefined'.
      Type 'Resolver<{ name: string; status: "draft" | "active" | "archived" | "suspended"; frequency: "daily" | "batch" | "weekly" | "monthly" | "continuous"; control_type: "final_product" | "process" | "incoming_material"; ... 13 more ...; escalation_procedure?: string | undefined; }, any, TFieldValues>' is not assignable to type 'Resolver<{ name: string; status: "draft" | "active" | "archived" | "suspended"; frequency: "daily" | "batch" | "weekly" | "monthly" | "continuous"; control_type: "final_product" | "process" | "incoming_material"; ... 13 more ...; escalation_procedure?: string | undefined; }, any, { ...; }>'.
        Type 'TFieldValues' is not assignable to type '{ name: string; status: "draft" | "active" | "archived" | "suspended"; frequency: "daily" | "batch" | "weekly" | "monthly" | "continuous"; control_type: "final_product" | "process" | "incoming_material"; ... 13 more ...; escalation_procedure?: string | undefined; }'.
          Type 'FieldValues' is missing the following properties from type '{ name: string; status: "draft" | "active" | "archived" | "suspended"; frequency: "daily" | "batch" | "weekly" | "monthly" | "continuous"; control_type: "final_product" | "process" | "incoming_material"; ... 13 more ...; escalation_procedure?: string | undefined; }': name, status, frequency, control_type, test_parameter
components/en13813/FPCSystemCompliant.tsx(232,23): error TS2322: Type 'Control<{ name: string; status: "draft" | "active" | "archived" | "suspended"; frequency: "daily" | "batch" | "weekly" | "monthly" | "continuous"; control_type: "final_product" | "process" | "incoming_material"; ... 13 more ...; escalation_procedure?: string | undefined; }, any, TFieldValues>' is not assignable to type 'Control<{ name: string; status: "draft" | "active" | "archived" | "suspended"; frequency: "daily" | "batch" | "weekly" | "monthly" | "continuous"; control_type: "final_product" | "process" | "incoming_material"; ... 13 more ...; escalation_procedure?: string | undefined; }, any, { ...; }>'.
  The types of '_options.resolver' are incompatible between these types.
    Type 'Resolver<{ name: string; status: "draft" | "active" | "archived" | "suspended"; frequency: "daily" | "batch" | "weekly" | "monthly" | "continuous"; control_type: "final_product" | "process" | "incoming_material"; ... 13 more ...; escalation_procedure?: string | undefined; }, any, TFieldValues> | undefined' is not assignable to type 'Resolver<{ name: string; status: "draft" | "active" | "archived" | "suspended"; frequency: "daily" | "batch" | "weekly" | "monthly" | "continuous"; control_type: "final_product" | "process" | "incoming_material"; ... 13 more ...; escalation_procedure?: string | undefined; }, any, { ...; }> | undefined'.
      Type 'Resolver<{ name: string; status: "draft" | "active" | "archived" | "suspended"; frequency: "daily" | "batch" | "weekly" | "monthly" | "continuous"; control_type: "final_product" | "process" | "incoming_material"; ... 13 more ...; escalation_procedure?: string | undefined; }, any, TFieldValues>' is not assignable to type 'Resolver<{ name: string; status: "draft" | "active" | "archived" | "suspended"; frequency: "daily" | "batch" | "weekly" | "monthly" | "continuous"; control_type: "final_product" | "process" | "incoming_material"; ... 13 more ...; escalation_procedure?: string | undefined; }, any, { ...; }>'.
        Type 'TFieldValues' is not assignable to type '{ name: string; status: "draft" | "active" | "archived" | "suspended"; frequency: "daily" | "batch" | "weekly" | "monthly" | "continuous"; control_type: "final_product" | "process" | "incoming_material"; ... 13 more ...; escalation_procedure?: string | undefined; }'.
          Type 'FieldValues' is missing the following properties from type '{ name: string; status: "draft" | "active" | "archived" | "suspended"; frequency: "daily" | "batch" | "weekly" | "monthly" | "continuous"; control_type: "final_product" | "process" | "incoming_material"; ... 13 more ...; escalation_procedure?: string | undefined; }': name, status, frequency, control_type, test_parameter
components/en13813/FPCSystemCompliant.tsx(258,23): error TS2322: Type 'Control<{ name: string; status: "draft" | "active" | "archived" | "suspended"; frequency: "daily" | "batch" | "weekly" | "monthly" | "continuous"; control_type: "final_product" | "process" | "incoming_material"; ... 13 more ...; escalation_procedure?: string | undefined; }, any, TFieldValues>' is not assignable to type 'Control<{ name: string; status: "draft" | "active" | "archived" | "suspended"; frequency: "daily" | "batch" | "weekly" | "monthly" | "continuous"; control_type: "final_product" | "process" | "incoming_material"; ... 13 more ...; escalation_procedure?: string | undefined; }, any, { ...; }>'.
  The types of '_options.resolver' are incompatible between these types.
    Type 'Resolver<{ name: string; status: "draft" | "active" | "archived" | "suspended"; frequency: "daily" | "batch" | "weekly" | "monthly" | "continuous"; control_type: "final_product" | "process" | "incoming_material"; ... 13 more ...; escalation_procedure?: string | undefined; }, any, TFieldValues> | undefined' is not assignable to type 'Resolver<{ name: string; status: "draft" | "active" | "archived" | "suspended"; frequency: "daily" | "batch" | "weekly" | "monthly" | "continuous"; control_type: "final_product" | "process" | "incoming_material"; ... 13 more ...; escalation_procedure?: string | undefined; }, any, { ...; }> | undefined'.
      Type 'Resolver<{ name: string; status: "draft" | "active" | "archived" | "suspended"; frequency: "daily" | "batch" | "weekly" | "monthly" | "continuous"; control_type: "final_product" | "process" | "incoming_material"; ... 13 more ...; escalation_procedure?: string | undefined; }, any, TFieldValues>' is not assignable to type 'Resolver<{ name: string; status: "draft" | "active" | "archived" | "suspended"; frequency: "daily" | "batch" | "weekly" | "monthly" | "continuous"; control_type: "final_product" | "process" | "incoming_material"; ... 13 more ...; escalation_procedure?: string | undefined; }, any, { ...; }>'.
        Type 'TFieldValues' is not assignable to type '{ name: string; status: "draft" | "active" | "archived" | "suspended"; frequency: "daily" | "batch" | "weekly" | "monthly" | "continuous"; control_type: "final_product" | "process" | "incoming_material"; ... 13 more ...; escalation_procedure?: string | undefined; }'.
          Type 'FieldValues' is missing the following properties from type '{ name: string; status: "draft" | "active" | "archived" | "suspended"; frequency: "daily" | "batch" | "weekly" | "monthly" | "continuous"; control_type: "final_product" | "process" | "incoming_material"; ... 13 more ...; escalation_procedure?: string | undefined; }': name, status, frequency, control_type, test_parameter
components/en13813/FPCSystemCompliant.tsx(284,21): error TS2322: Type 'Control<{ name: string; status: "draft" | "active" | "archived" | "suspended"; frequency: "daily" | "batch" | "weekly" | "monthly" | "continuous"; control_type: "final_product" | "process" | "incoming_material"; ... 13 more ...; escalation_procedure?: string | undefined; }, any, TFieldValues>' is not assignable to type 'Control<{ name: string; status: "draft" | "active" | "archived" | "suspended"; frequency: "daily" | "batch" | "weekly" | "monthly" | "continuous"; control_type: "final_product" | "process" | "incoming_material"; ... 13 more ...; escalation_procedure?: string | undefined; }, any, { ...; }>'.
  The types of '_options.resolver' are incompatible between these types.
    Type 'Resolver<{ name: string; status: "draft" | "active" | "archived" | "suspended"; frequency: "daily" | "batch" | "weekly" | "monthly" | "continuous"; control_type: "final_product" | "process" | "incoming_material"; ... 13 more ...; escalation_procedure?: string | undefined; }, any, TFieldValues> | undefined' is not assignable to type 'Resolver<{ name: string; status: "draft" | "active" | "archived" | "suspended"; frequency: "daily" | "batch" | "weekly" | "monthly" | "continuous"; control_type: "final_product" | "process" | "incoming_material"; ... 13 more ...; escalation_procedure?: string | undefined; }, any, { ...; }> | undefined'.
      Type 'Resolver<{ name: string; status: "draft" | "active" | "archived" | "suspended"; frequency: "daily" | "batch" | "weekly" | "monthly" | "continuous"; control_type: "final_product" | "process" | "incoming_material"; ... 13 more ...; escalation_procedure?: string | undefined; }, any, TFieldValues>' is not assignable to type 'Resolver<{ name: string; status: "draft" | "active" | "archived" | "suspended"; frequency: "daily" | "batch" | "weekly" | "monthly" | "continuous"; control_type: "final_product" | "process" | "incoming_material"; ... 13 more ...; escalation_procedure?: string | undefined; }, any, { ...; }>'.
        Type 'TFieldValues' is not assignable to type '{ name: string; status: "draft" | "active" | "archived" | "suspended"; frequency: "daily" | "batch" | "weekly" | "monthly" | "continuous"; control_type: "final_product" | "process" | "incoming_material"; ... 13 more ...; escalation_procedure?: string | undefined; }'.
          Type 'FieldValues' is missing the following properties from type '{ name: string; status: "draft" | "active" | "archived" | "suspended"; frequency: "daily" | "batch" | "weekly" | "monthly" | "continuous"; control_type: "final_product" | "process" | "incoming_material"; ... 13 more ...; escalation_procedure?: string | undefined; }': name, status, frequency, control_type, test_parameter
components/en13813/FPCSystemCompliant.tsx(310,23): error TS2322: Type 'Control<{ name: string; status: "draft" | "active" | "archived" | "suspended"; frequency: "daily" | "batch" | "weekly" | "monthly" | "continuous"; control_type: "final_product" | "process" | "incoming_material"; ... 13 more ...; escalation_procedure?: string | undefined; }, any, TFieldValues>' is not assignable to type 'Control<{ name: string; status: "draft" | "active" | "archived" | "suspended"; frequency: "daily" | "batch" | "weekly" | "monthly" | "continuous"; control_type: "final_product" | "process" | "incoming_material"; ... 13 more ...; escalation_procedure?: string | undefined; }, any, { ...; }>'.
  The types of '_options.resolver' are incompatible between these types.
    Type 'Resolver<{ name: string; status: "draft" | "active" | "archived" | "suspended"; frequency: "daily" | "batch" | "weekly" | "monthly" | "continuous"; control_type: "final_product" | "process" | "incoming_material"; ... 13 more ...; escalation_procedure?: string | undefined; }, any, TFieldValues> | undefined' is not assignable to type 'Resolver<{ name: string; status: "draft" | "active" | "archived" | "suspended"; frequency: "daily" | "batch" | "weekly" | "monthly" | "continuous"; control_type: "final_product" | "process" | "incoming_material"; ... 13 more ...; escalation_procedure?: string | undefined; }, any, { ...; }> | undefined'.
      Type 'Resolver<{ name: string; status: "draft" | "active" | "archived" | "suspended"; frequency: "daily" | "batch" | "weekly" | "monthly" | "continuous"; control_type: "final_product" | "process" | "incoming_material"; ... 13 more ...; escalation_procedure?: string | undefined; }, any, TFieldValues>' is not assignable to type 'Resolver<{ name: string; status: "draft" | "active" | "archived" | "suspended"; frequency: "daily" | "batch" | "weekly" | "monthly" | "continuous"; control_type: "final_product" | "process" | "incoming_material"; ... 13 more ...; escalation_procedure?: string | undefined; }, any, { ...; }>'.
        Type 'TFieldValues' is not assignable to type '{ name: string; status: "draft" | "active" | "archived" | "suspended"; frequency: "daily" | "batch" | "weekly" | "monthly" | "continuous"; control_type: "final_product" | "process" | "incoming_material"; ... 13 more ...; escalation_procedure?: string | undefined; }'.
          Type 'FieldValues' is missing the following properties from type '{ name: string; status: "draft" | "active" | "archived" | "suspended"; frequency: "daily" | "batch" | "weekly" | "monthly" | "continuous"; control_type: "final_product" | "process" | "incoming_material"; ... 13 more ...; escalation_procedure?: string | undefined; }': name, status, frequency, control_type, test_parameter
components/en13813/FPCSystemCompliant.tsx(324,23): error TS2322: Type 'Control<{ name: string; status: "draft" | "active" | "archived" | "suspended"; frequency: "daily" | "batch" | "weekly" | "monthly" | "continuous"; control_type: "final_product" | "process" | "incoming_material"; ... 13 more ...; escalation_procedure?: string | undefined; }, any, TFieldValues>' is not assignable to type 'Control<{ name: string; status: "draft" | "active" | "archived" | "suspended"; frequency: "daily" | "batch" | "weekly" | "monthly" | "continuous"; control_type: "final_product" | "process" | "incoming_material"; ... 13 more ...; escalation_procedure?: string | undefined; }, any, { ...; }>'.
  The types of '_options.resolver' are incompatible between these types.
    Type 'Resolver<{ name: string; status: "draft" | "active" | "archived" | "suspended"; frequency: "daily" | "batch" | "weekly" | "monthly" | "continuous"; control_type: "final_product" | "process" | "incoming_material"; ... 13 more ...; escalation_procedure?: string | undefined; }, any, TFieldValues> | undefined' is not assignable to type 'Resolver<{ name: string; status: "draft" | "active" | "archived" | "suspended"; frequency: "daily" | "batch" | "weekly" | "monthly" | "continuous"; control_type: "final_product" | "process" | "incoming_material"; ... 13 more ...; escalation_procedure?: string | undefined; }, any, { ...; }> | undefined'.
      Type 'Resolver<{ name: string; status: "draft" | "active" | "archived" | "suspended"; frequency: "daily" | "batch" | "weekly" | "monthly" | "continuous"; control_type: "final_product" | "process" | "incoming_material"; ... 13 more ...; escalation_procedure?: string | undefined; }, any, TFieldValues>' is not assignable to type 'Resolver<{ name: string; status: "draft" | "active" | "archived" | "suspended"; frequency: "daily" | "batch" | "weekly" | "monthly" | "continuous"; control_type: "final_product" | "process" | "incoming_material"; ... 13 more ...; escalation_procedure?: string | undefined; }, any, { ...; }>'.
        Type 'TFieldValues' is not assignable to type '{ name: string; status: "draft" | "active" | "archived" | "suspended"; frequency: "daily" | "batch" | "weekly" | "monthly" | "continuous"; control_type: "final_product" | "process" | "incoming_material"; ... 13 more ...; escalation_procedure?: string | undefined; }'.
          Type 'FieldValues' is missing the following properties from type '{ name: string; status: "draft" | "active" | "archived" | "suspended"; frequency: "daily" | "batch" | "weekly" | "monthly" | "continuous"; control_type: "final_product" | "process" | "incoming_material"; ... 13 more ...; escalation_procedure?: string | undefined; }': name, status, frequency, control_type, test_parameter
components/en13813/FPCSystemCompliant.tsx(349,23): error TS2322: Type 'Control<{ name: string; status: "draft" | "active" | "archived" | "suspended"; frequency: "daily" | "batch" | "weekly" | "monthly" | "continuous"; control_type: "final_product" | "process" | "incoming_material"; ... 13 more ...; escalation_procedure?: string | undefined; }, any, TFieldValues>' is not assignable to type 'Control<{ name: string; status: "draft" | "active" | "archived" | "suspended"; frequency: "daily" | "batch" | "weekly" | "monthly" | "continuous"; control_type: "final_product" | "process" | "incoming_material"; ... 13 more ...; escalation_procedure?: string | undefined; }, any, { ...; }>'.
  The types of '_options.resolver' are incompatible between these types.
    Type 'Resolver<{ name: string; status: "draft" | "active" | "archived" | "suspended"; frequency: "daily" | "batch" | "weekly" | "monthly" | "continuous"; control_type: "final_product" | "process" | "incoming_material"; ... 13 more ...; escalation_procedure?: string | undefined; }, any, TFieldValues> | undefined' is not assignable to type 'Resolver<{ name: string; status: "draft" | "active" | "archived" | "suspended"; frequency: "daily" | "batch" | "weekly" | "monthly" | "continuous"; control_type: "final_product" | "process" | "incoming_material"; ... 13 more ...; escalation_procedure?: string | undefined; }, any, { ...; }> | undefined'.
      Type 'Resolver<{ name: string; status: "draft" | "active" | "archived" | "suspended"; frequency: "daily" | "batch" | "weekly" | "monthly" | "continuous"; control_type: "final_product" | "process" | "incoming_material"; ... 13 more ...; escalation_procedure?: string | undefined; }, any, TFieldValues>' is not assignable to type 'Resolver<{ name: string; status: "draft" | "active" | "archived" | "suspended"; frequency: "daily" | "batch" | "weekly" | "monthly" | "continuous"; control_type: "final_product" | "process" | "incoming_material"; ... 13 more ...; escalation_procedure?: string | undefined; }, any, { ...; }>'.
        Type 'TFieldValues' is not assignable to type '{ name: string; status: "draft" | "active" | "archived" | "suspended"; frequency: "daily" | "batch" | "weekly" | "monthly" | "continuous"; control_type: "final_product" | "process" | "incoming_material"; ... 13 more ...; escalation_procedure?: string | undefined; }'.
          Type 'FieldValues' is missing the following properties from type '{ name: string; status: "draft" | "active" | "archived" | "suspended"; frequency: "daily" | "batch" | "weekly" | "monthly" | "continuous"; control_type: "final_product" | "process" | "incoming_material"; ... 13 more ...; escalation_procedure?: string | undefined; }': name, status, frequency, control_type, test_parameter
components/en13813/FPCSystemCompliant.tsx(369,23): error TS2322: Type 'Control<{ name: string; status: "draft" | "active" | "archived" | "suspended"; frequency: "daily" | "batch" | "weekly" | "monthly" | "continuous"; control_type: "final_product" | "process" | "incoming_material"; ... 13 more ...; escalation_procedure?: string | undefined; }, any, TFieldValues>' is not assignable to type 'Control<{ name: string; status: "draft" | "active" | "archived" | "suspended"; frequency: "daily" | "batch" | "weekly" | "monthly" | "continuous"; control_type: "final_product" | "process" | "incoming_material"; ... 13 more ...; escalation_procedure?: string | undefined; }, any, { ...; }>'.
  The types of '_options.resolver' are incompatible between these types.
    Type 'Resolver<{ name: string; status: "draft" | "active" | "archived" | "suspended"; frequency: "daily" | "batch" | "weekly" | "monthly" | "continuous"; control_type: "final_product" | "process" | "incoming_material"; ... 13 more ...; escalation_procedure?: string | undefined; }, any, TFieldValues> | undefined' is not assignable to type 'Resolver<{ name: string; status: "draft" | "active" | "archived" | "suspended"; frequency: "daily" | "batch" | "weekly" | "monthly" | "continuous"; control_type: "final_product" | "process" | "incoming_material"; ... 13 more ...; escalation_procedure?: string | undefined; }, any, { ...; }> | undefined'.
      Type 'Resolver<{ name: string; status: "draft" | "active" | "archived" | "suspended"; frequency: "daily" | "batch" | "weekly" | "monthly" | "continuous"; control_type: "final_product" | "process" | "incoming_material"; ... 13 more ...; escalation_procedure?: string | undefined; }, any, TFieldValues>' is not assignable to type 'Resolver<{ name: string; status: "draft" | "active" | "archived" | "suspended"; frequency: "daily" | "batch" | "weekly" | "monthly" | "continuous"; control_type: "final_product" | "process" | "incoming_material"; ... 13 more ...; escalation_procedure?: string | undefined; }, any, { ...; }>'.
        Type 'TFieldValues' is not assignable to type '{ name: string; status: "draft" | "active" | "archived" | "suspended"; frequency: "daily" | "batch" | "weekly" | "monthly" | "continuous"; control_type: "final_product" | "process" | "incoming_material"; ... 13 more ...; escalation_procedure?: string | undefined; }'.
          Type 'FieldValues' is missing the following properties from type '{ name: string; status: "draft" | "active" | "archived" | "suspended"; frequency: "daily" | "batch" | "weekly" | "monthly" | "continuous"; control_type: "final_product" | "process" | "incoming_material"; ... 13 more ...; escalation_procedure?: string | undefined; }': name, status, frequency, control_type, test_parameter
components/en13813/FPCSystemCompliant.tsx(407,21): error TS2322: Type 'Control<{ name: string; status: "draft" | "active" | "archived" | "suspended"; frequency: "daily" | "batch" | "weekly" | "monthly" | "continuous"; control_type: "final_product" | "process" | "incoming_material"; ... 13 more ...; escalation_procedure?: string | undefined; }, any, TFieldValues>' is not assignable to type 'Control<{ name: string; status: "draft" | "active" | "archived" | "suspended"; frequency: "daily" | "batch" | "weekly" | "monthly" | "continuous"; control_type: "final_product" | "process" | "incoming_material"; ... 13 more ...; escalation_procedure?: string | undefined; }, any, { ...; }>'.
  The types of '_options.resolver' are incompatible between these types.
    Type 'Resolver<{ name: string; status: "draft" | "active" | "archived" | "suspended"; frequency: "daily" | "batch" | "weekly" | "monthly" | "continuous"; control_type: "final_product" | "process" | "incoming_material"; ... 13 more ...; escalation_procedure?: string | undefined; }, any, TFieldValues> | undefined' is not assignable to type 'Resolver<{ name: string; status: "draft" | "active" | "archived" | "suspended"; frequency: "daily" | "batch" | "weekly" | "monthly" | "continuous"; control_type: "final_product" | "process" | "incoming_material"; ... 13 more ...; escalation_procedure?: string | undefined; }, any, { ...; }> | undefined'.
      Type 'Resolver<{ name: string; status: "draft" | "active" | "archived" | "suspended"; frequency: "daily" | "batch" | "weekly" | "monthly" | "continuous"; control_type: "final_product" | "process" | "incoming_material"; ... 13 more ...; escalation_procedure?: string | undefined; }, any, TFieldValues>' is not assignable to type 'Resolver<{ name: string; status: "draft" | "active" | "archived" | "suspended"; frequency: "daily" | "batch" | "weekly" | "monthly" | "continuous"; control_type: "final_product" | "process" | "incoming_material"; ... 13 more ...; escalation_procedure?: string | undefined; }, any, { ...; }>'.
        Type 'TFieldValues' is not assignable to type '{ name: string; status: "draft" | "active" | "archived" | "suspended"; frequency: "daily" | "batch" | "weekly" | "monthly" | "continuous"; control_type: "final_product" | "process" | "incoming_material"; ... 13 more ...; escalation_procedure?: string | undefined; }'.
          Type 'FieldValues' is missing the following properties from type '{ name: string; status: "draft" | "active" | "archived" | "suspended"; frequency: "daily" | "batch" | "weekly" | "monthly" | "continuous"; control_type: "final_product" | "process" | "incoming_material"; ... 13 more ...; escalation_procedure?: string | undefined; }': name, status, frequency, control_type, test_parameter
components/en13813/FPCSystemCompliant.tsx(425,21): error TS2322: Type 'Control<{ name: string; status: "draft" | "active" | "archived" | "suspended"; frequency: "daily" | "batch" | "weekly" | "monthly" | "continuous"; control_type: "final_product" | "process" | "incoming_material"; ... 13 more ...; escalation_procedure?: string | undefined; }, any, TFieldValues>' is not assignable to type 'Control<{ name: string; status: "draft" | "active" | "archived" | "suspended"; frequency: "daily" | "batch" | "weekly" | "monthly" | "continuous"; control_type: "final_product" | "process" | "incoming_material"; ... 13 more ...; escalation_procedure?: string | undefined; }, any, { ...; }>'.
  The types of '_options.resolver' are incompatible between these types.
    Type 'Resolver<{ name: string; status: "draft" | "active" | "archived" | "suspended"; frequency: "daily" | "batch" | "weekly" | "monthly" | "continuous"; control_type: "final_product" | "process" | "incoming_material"; ... 13 more ...; escalation_procedure?: string | undefined; }, any, TFieldValues> | undefined' is not assignable to type 'Resolver<{ name: string; status: "draft" | "active" | "archived" | "suspended"; frequency: "daily" | "batch" | "weekly" | "monthly" | "continuous"; control_type: "final_product" | "process" | "incoming_material"; ... 13 more ...; escalation_procedure?: string | undefined; }, any, { ...; }> | undefined'.
      Type 'Resolver<{ name: string; status: "draft" | "active" | "archived" | "suspended"; frequency: "daily" | "batch" | "weekly" | "monthly" | "continuous"; control_type: "final_product" | "process" | "incoming_material"; ... 13 more ...; escalation_procedure?: string | undefined; }, any, TFieldValues>' is not assignable to type 'Resolver<{ name: string; status: "draft" | "active" | "archived" | "suspended"; frequency: "daily" | "batch" | "weekly" | "monthly" | "continuous"; control_type: "final_product" | "process" | "incoming_material"; ... 13 more ...; escalation_procedure?: string | undefined; }, any, { ...; }>'.
        Type 'TFieldValues' is not assignable to type '{ name: string; status: "draft" | "active" | "archived" | "suspended"; frequency: "daily" | "batch" | "weekly" | "monthly" | "continuous"; control_type: "final_product" | "process" | "incoming_material"; ... 13 more ...; escalation_procedure?: string | undefined; }'.
          Type 'FieldValues' is missing the following properties from type '{ name: string; status: "draft" | "active" | "archived" | "suspended"; frequency: "daily" | "batch" | "weekly" | "monthly" | "continuous"; control_type: "final_product" | "process" | "incoming_material"; ... 13 more ...; escalation_procedure?: string | undefined; }': name, status, frequency, control_type, test_parameter
components/en13813/ITTTestModule.tsx(131,5): error TS2322: Type 'Resolver<{ recipe_id: string; test_date: string; test_number: string; laboratory_name: string; deviations?: string | undefined; wear_resistance_bohme?: number | undefined; wear_resistance_bca?: number | undefined; ... 23 more ...; approved_date?: string | undefined; }, any, { ...; }>' is not assignable to type 'Resolver<{ recipe_id: string; test_date: string; test_number: string; laboratory_name: string; compliant: boolean; deviations?: string | undefined; wear_resistance_bohme?: number | undefined; ... 23 more ...; approved_date?: string | undefined; }, any, { ...; }>'.
  Types of parameters 'options' and 'options' are incompatible.
    Type 'ResolverOptions<{ recipe_id: string; test_date: string; test_number: string; laboratory_name: string; compliant: boolean; deviations?: string | undefined; wear_resistance_bohme?: number | undefined; ... 23 more ...; approved_date?: string | undefined; }>' is not assignable to type 'ResolverOptions<{ recipe_id: string; test_date: string; test_number: string; laboratory_name: string; deviations?: string | undefined; wear_resistance_bohme?: number | undefined; wear_resistance_bca?: number | undefined; ... 23 more ...; approved_date?: string | undefined; }>'.
      Type 'boolean | undefined' is not assignable to type 'boolean'.
        Type 'undefined' is not assignable to type 'boolean'.
components/en13813/ITTTestModule.tsx(161,32): error TS7053: Element implicitly has an 'any' type because expression of type 'any' can't be used to index type '{ C5: number; C7: number; C12: number; C16: number; C20: number; C25: number; C30: number; C35: number; C40: number; C50: number; C60: number; C70: number; C80: number; }'.
components/en13813/ITTTestModule.tsx(167,32): error TS7053: Element implicitly has an 'any' type because expression of type 'any' can't be used to index type '{ F1: number; F2: number; F3: number; F4: number; F5: number; F6: number; F7: number; F10: number; F15: number; F20: number; F30: number; F40: number; F50: number; }'.
components/en13813/ITTTestModule.tsx(243,43): error TS2345: Argument of type '(data: ITTTestData) => Promise<void>' is not assignable to parameter of type 'SubmitHandler<TFieldValues>'.
  Types of parameters 'data' and 'data' are incompatible.
    Type 'TFieldValues' is not assignable to type '{ recipe_id: string; test_date: string; test_number: string; laboratory_name: string; compliant: boolean; deviations?: string | undefined; wear_resistance_bohme?: number | undefined; wear_resistance_bca?: number | undefined; ... 22 more ...; approved_date?: string | undefined; }'.
      Type 'FieldValues' is missing the following properties from type '{ recipe_id: string; test_date: string; test_number: string; laboratory_name: string; compliant: boolean; deviations?: string | undefined; wear_resistance_bohme?: number | undefined; wear_resistance_bca?: number | undefined; ... 22 more ...; approved_date?: string | undefined; }': recipe_id, test_date, test_number, laboratory_name, compliant
components/en13813/ITTTestModule.tsx(261,21): error TS2322: Type 'Control<{ recipe_id: string; test_date: string; test_number: string; laboratory_name: string; compliant: boolean; deviations?: string | undefined; wear_resistance_bohme?: number | undefined; ... 23 more ...; approved_date?: string | undefined; }, any, TFieldValues>' is not assignable to type 'Control<{ recipe_id: string; test_date: string; test_number: string; laboratory_name: string; compliant: boolean; deviations?: string | undefined; wear_resistance_bohme?: number | undefined; ... 23 more ...; approved_date?: string | undefined; }, any, { ...; }>'.
  The types of '_options.resolver' are incompatible between these types.
    Type 'Resolver<{ recipe_id: string; test_date: string; test_number: string; laboratory_name: string; compliant: boolean; deviations?: string | undefined; wear_resistance_bohme?: number | undefined; ... 23 more ...; approved_date?: string | undefined; }, any, TFieldValues> | undefined' is not assignable to type 'Resolver<{ recipe_id: string; test_date: string; test_number: string; laboratory_name: string; compliant: boolean; deviations?: string | undefined; wear_resistance_bohme?: number | undefined; ... 23 more ...; approved_date?: string | undefined; }, any, { ...; }> | undefined'.
      Type 'Resolver<{ recipe_id: string; test_date: string; test_number: string; laboratory_name: string; compliant: boolean; deviations?: string | undefined; wear_resistance_bohme?: number | undefined; ... 23 more ...; approved_date?: string | undefined; }, any, TFieldValues>' is not assignable to type 'Resolver<{ recipe_id: string; test_date: string; test_number: string; laboratory_name: string; compliant: boolean; deviations?: string | undefined; wear_resistance_bohme?: number | undefined; ... 23 more ...; approved_date?: string | undefined; }, any, { ...; }>'.
        Type 'TFieldValues' is not assignable to type '{ recipe_id: string; test_date: string; test_number: string; laboratory_name: string; compliant: boolean; deviations?: string | undefined; wear_resistance_bohme?: number | undefined; wear_resistance_bca?: number | undefined; ... 22 more ...; approved_date?: string | undefined; }'.
          Type 'FieldValues' is missing the following properties from type '{ recipe_id: string; test_date: string; test_number: string; laboratory_name: string; compliant: boolean; deviations?: string | undefined; wear_resistance_bohme?: number | undefined; wear_resistance_bca?: number | undefined; ... 22 more ...; approved_date?: string | undefined; }': recipe_id, test_date, test_number, laboratory_name, compliant
components/en13813/ITTTestModule.tsx(278,21): error TS2322: Type 'Control<{ recipe_id: string; test_date: string; test_number: string; laboratory_name: string; compliant: boolean; deviations?: string | undefined; wear_resistance_bohme?: number | undefined; ... 23 more ...; approved_date?: string | undefined; }, any, TFieldValues>' is not assignable to type 'Control<{ recipe_id: string; test_date: string; test_number: string; laboratory_name: string; compliant: boolean; deviations?: string | undefined; wear_resistance_bohme?: number | undefined; ... 23 more ...; approved_date?: string | undefined; }, any, { ...; }>'.
  The types of '_options.resolver' are incompatible between these types.
    Type 'Resolver<{ recipe_id: string; test_date: string; test_number: string; laboratory_name: string; compliant: boolean; deviations?: string | undefined; wear_resistance_bohme?: number | undefined; ... 23 more ...; approved_date?: string | undefined; }, any, TFieldValues> | undefined' is not assignable to type 'Resolver<{ recipe_id: string; test_date: string; test_number: string; laboratory_name: string; compliant: boolean; deviations?: string | undefined; wear_resistance_bohme?: number | undefined; ... 23 more ...; approved_date?: string | undefined; }, any, { ...; }> | undefined'.
      Type 'Resolver<{ recipe_id: string; test_date: string; test_number: string; laboratory_name: string; compliant: boolean; deviations?: string | undefined; wear_resistance_bohme?: number | undefined; ... 23 more ...; approved_date?: string | undefined; }, any, TFieldValues>' is not assignable to type 'Resolver<{ recipe_id: string; test_date: string; test_number: string; laboratory_name: string; compliant: boolean; deviations?: string | undefined; wear_resistance_bohme?: number | undefined; ... 23 more ...; approved_date?: string | undefined; }, any, { ...; }>'.
        Type 'TFieldValues' is not assignable to type '{ recipe_id: string; test_date: string; test_number: string; laboratory_name: string; compliant: boolean; deviations?: string | undefined; wear_resistance_bohme?: number | undefined; wear_resistance_bca?: number | undefined; ... 22 more ...; approved_date?: string | undefined; }'.
          Type 'FieldValues' is missing the following properties from type '{ recipe_id: string; test_date: string; test_number: string; laboratory_name: string; compliant: boolean; deviations?: string | undefined; wear_resistance_bohme?: number | undefined; wear_resistance_bca?: number | undefined; ... 22 more ...; approved_date?: string | undefined; }': recipe_id, test_date, test_number, laboratory_name, compliant
components/en13813/ITTTestModule.tsx(296,21): error TS2322: Type 'Control<{ recipe_id: string; test_date: string; test_number: string; laboratory_name: string; compliant: boolean; deviations?: string | undefined; wear_resistance_bohme?: number | undefined; ... 23 more ...; approved_date?: string | undefined; }, any, TFieldValues>' is not assignable to type 'Control<{ recipe_id: string; test_date: string; test_number: string; laboratory_name: string; compliant: boolean; deviations?: string | undefined; wear_resistance_bohme?: number | undefined; ... 23 more ...; approved_date?: string | undefined; }, any, { ...; }>'.
  The types of '_options.resolver' are incompatible between these types.
    Type 'Resolver<{ recipe_id: string; test_date: string; test_number: string; laboratory_name: string; compliant: boolean; deviations?: string | undefined; wear_resistance_bohme?: number | undefined; ... 23 more ...; approved_date?: string | undefined; }, any, TFieldValues> | undefined' is not assignable to type 'Resolver<{ recipe_id: string; test_date: string; test_number: string; laboratory_name: string; compliant: boolean; deviations?: string | undefined; wear_resistance_bohme?: number | undefined; ... 23 more ...; approved_date?: string | undefined; }, any, { ...; }> | undefined'.
      Type 'Resolver<{ recipe_id: string; test_date: string; test_number: string; laboratory_name: string; compliant: boolean; deviations?: string | undefined; wear_resistance_bohme?: number | undefined; ... 23 more ...; approved_date?: string | undefined; }, any, TFieldValues>' is not assignable to type 'Resolver<{ recipe_id: string; test_date: string; test_number: string; laboratory_name: string; compliant: boolean; deviations?: string | undefined; wear_resistance_bohme?: number | undefined; ... 23 more ...; approved_date?: string | undefined; }, any, { ...; }>'.
        Type 'TFieldValues' is not assignable to type '{ recipe_id: string; test_date: string; test_number: string; laboratory_name: string; compliant: boolean; deviations?: string | undefined; wear_resistance_bohme?: number | undefined; wear_resistance_bca?: number | undefined; ... 22 more ...; approved_date?: string | undefined; }'.
          Type 'FieldValues' is missing the following properties from type '{ recipe_id: string; test_date: string; test_number: string; laboratory_name: string; compliant: boolean; deviations?: string | undefined; wear_resistance_bohme?: number | undefined; wear_resistance_bca?: number | undefined; ... 22 more ...; approved_date?: string | undefined; }': recipe_id, test_date, test_number, laboratory_name, compliant
components/en13813/ITTTestModule.tsx(311,23): error TS2322: Type 'Control<{ recipe_id: string; test_date: string; test_number: string; laboratory_name: string; compliant: boolean; deviations?: string | undefined; wear_resistance_bohme?: number | undefined; ... 23 more ...; approved_date?: string | undefined; }, any, TFieldValues>' is not assignable to type 'Control<{ recipe_id: string; test_date: string; test_number: string; laboratory_name: string; compliant: boolean; deviations?: string | undefined; wear_resistance_bohme?: number | undefined; ... 23 more ...; approved_date?: string | undefined; }, any, { ...; }>'.
  The types of '_options.resolver' are incompatible between these types.
    Type 'Resolver<{ recipe_id: string; test_date: string; test_number: string; laboratory_name: string; compliant: boolean; deviations?: string | undefined; wear_resistance_bohme?: number | undefined; ... 23 more ...; approved_date?: string | undefined; }, any, TFieldValues> | undefined' is not assignable to type 'Resolver<{ recipe_id: string; test_date: string; test_number: string; laboratory_name: string; compliant: boolean; deviations?: string | undefined; wear_resistance_bohme?: number | undefined; ... 23 more ...; approved_date?: string | undefined; }, any, { ...; }> | undefined'.
      Type 'Resolver<{ recipe_id: string; test_date: string; test_number: string; laboratory_name: string; compliant: boolean; deviations?: string | undefined; wear_resistance_bohme?: number | undefined; ... 23 more ...; approved_date?: string | undefined; }, any, TFieldValues>' is not assignable to type 'Resolver<{ recipe_id: string; test_date: string; test_number: string; laboratory_name: string; compliant: boolean; deviations?: string | undefined; wear_resistance_bohme?: number | undefined; ... 23 more ...; approved_date?: string | undefined; }, any, { ...; }>'.
        Type 'TFieldValues' is not assignable to type '{ recipe_id: string; test_date: string; test_number: string; laboratory_name: string; compliant: boolean; deviations?: string | undefined; wear_resistance_bohme?: number | undefined; wear_resistance_bca?: number | undefined; ... 22 more ...; approved_date?: string | undefined; }'.
          Type 'FieldValues' is missing the following properties from type '{ recipe_id: string; test_date: string; test_number: string; laboratory_name: string; compliant: boolean; deviations?: string | undefined; wear_resistance_bohme?: number | undefined; wear_resistance_bca?: number | undefined; ... 22 more ...; approved_date?: string | undefined; }': recipe_id, test_date, test_number, laboratory_name, compliant
components/en13813/ITTTestModule.tsx(325,23): error TS2322: Type 'Control<{ recipe_id: string; test_date: string; test_number: string; laboratory_name: string; compliant: boolean; deviations?: string | undefined; wear_resistance_bohme?: number | undefined; ... 23 more ...; approved_date?: string | undefined; }, any, TFieldValues>' is not assignable to type 'Control<{ recipe_id: string; test_date: string; test_number: string; laboratory_name: string; compliant: boolean; deviations?: string | undefined; wear_resistance_bohme?: number | undefined; ... 23 more ...; approved_date?: string | undefined; }, any, { ...; }>'.
  The types of '_options.resolver' are incompatible between these types.
    Type 'Resolver<{ recipe_id: string; test_date: string; test_number: string; laboratory_name: string; compliant: boolean; deviations?: string | undefined; wear_resistance_bohme?: number | undefined; ... 23 more ...; approved_date?: string | undefined; }, any, TFieldValues> | undefined' is not assignable to type 'Resolver<{ recipe_id: string; test_date: string; test_number: string; laboratory_name: string; compliant: boolean; deviations?: string | undefined; wear_resistance_bohme?: number | undefined; ... 23 more ...; approved_date?: string | undefined; }, any, { ...; }> | undefined'.
      Type 'Resolver<{ recipe_id: string; test_date: string; test_number: string; laboratory_name: string; compliant: boolean; deviations?: string | undefined; wear_resistance_bohme?: number | undefined; ... 23 more ...; approved_date?: string | undefined; }, any, TFieldValues>' is not assignable to type 'Resolver<{ recipe_id: string; test_date: string; test_number: string; laboratory_name: string; compliant: boolean; deviations?: string | undefined; wear_resistance_bohme?: number | undefined; ... 23 more ...; approved_date?: string | undefined; }, any, { ...; }>'.
        Type 'TFieldValues' is not assignable to type '{ recipe_id: string; test_date: string; test_number: string; laboratory_name: string; compliant: boolean; deviations?: string | undefined; wear_resistance_bohme?: number | undefined; wear_resistance_bca?: number | undefined; ... 22 more ...; approved_date?: string | undefined; }'.
          Type 'FieldValues' is missing the following properties from type '{ recipe_id: string; test_date: string; test_number: string; laboratory_name: string; compliant: boolean; deviations?: string | undefined; wear_resistance_bohme?: number | undefined; wear_resistance_bca?: number | undefined; ... 22 more ...; approved_date?: string | undefined; }': recipe_id, test_date, test_number, laboratory_name, compliant
components/en13813/ITTTestModule.tsx(356,80): error TS7053: Element implicitly has an 'any' type because expression of type 'any' can't be used to index type '{ C5: number; C7: number; C12: number; C16: number; C20: number; C25: number; C30: number; C35: number; C40: number; C50: number; C60: number; C70: number; C80: number; }'.
components/en13813/ITTTestModule.tsx(357,80): error TS7053: Element implicitly has an 'any' type because expression of type 'any' can't be used to index type '{ F1: number; F2: number; F3: number; F4: number; F5: number; F6: number; F7: number; F10: number; F15: number; F20: number; F30: number; F40: number; F50: number; }'.
components/en13813/ITTTestModule.tsx(364,23): error TS2322: Type 'Control<{ recipe_id: string; test_date: string; test_number: string; laboratory_name: string; compliant: boolean; deviations?: string | undefined; wear_resistance_bohme?: number | undefined; ... 23 more ...; approved_date?: string | undefined; }, any, TFieldValues>' is not assignable to type 'Control<{ recipe_id: string; test_date: string; test_number: string; laboratory_name: string; compliant: boolean; deviations?: string | undefined; wear_resistance_bohme?: number | undefined; ... 23 more ...; approved_date?: string | undefined; }, any, { ...; }>'.
  The types of '_options.resolver' are incompatible between these types.
    Type 'Resolver<{ recipe_id: string; test_date: string; test_number: string; laboratory_name: string; compliant: boolean; deviations?: string | undefined; wear_resistance_bohme?: number | undefined; ... 23 more ...; approved_date?: string | undefined; }, any, TFieldValues> | undefined' is not assignable to type 'Resolver<{ recipe_id: string; test_date: string; test_number: string; laboratory_name: string; compliant: boolean; deviations?: string | undefined; wear_resistance_bohme?: number | undefined; ... 23 more ...; approved_date?: string | undefined; }, any, { ...; }> | undefined'.
      Type 'Resolver<{ recipe_id: string; test_date: string; test_number: string; laboratory_name: string; compliant: boolean; deviations?: string | undefined; wear_resistance_bohme?: number | undefined; ... 23 more ...; approved_date?: string | undefined; }, any, TFieldValues>' is not assignable to type 'Resolver<{ recipe_id: string; test_date: string; test_number: string; laboratory_name: string; compliant: boolean; deviations?: string | undefined; wear_resistance_bohme?: number | undefined; ... 23 more ...; approved_date?: string | undefined; }, any, { ...; }>'.
        Type 'TFieldValues' is not assignable to type '{ recipe_id: string; test_date: string; test_number: string; laboratory_name: string; compliant: boolean; deviations?: string | undefined; wear_resistance_bohme?: number | undefined; wear_resistance_bca?: number | undefined; ... 22 more ...; approved_date?: string | undefined; }'.
          Type 'FieldValues' is missing the following properties from type '{ recipe_id: string; test_date: string; test_number: string; laboratory_name: string; compliant: boolean; deviations?: string | undefined; wear_resistance_bohme?: number | undefined; wear_resistance_bca?: number | undefined; ... 22 more ...; approved_date?: string | undefined; }': recipe_id, test_date, test_number, laboratory_name, compliant
components/en13813/ITTTestModule.tsx(387,23): error TS2322: Type 'Control<{ recipe_id: string; test_date: string; test_number: string; laboratory_name: string; compliant: boolean; deviations?: string | undefined; wear_resistance_bohme?: number | undefined; ... 23 more ...; approved_date?: string | undefined; }, any, TFieldValues>' is not assignable to type 'Control<{ recipe_id: string; test_date: string; test_number: string; laboratory_name: string; compliant: boolean; deviations?: string | undefined; wear_resistance_bohme?: number | undefined; ... 23 more ...; approved_date?: string | undefined; }, any, { ...; }>'.
  The types of '_options.resolver' are incompatible between these types.
    Type 'Resolver<{ recipe_id: string; test_date: string; test_number: string; laboratory_name: string; compliant: boolean; deviations?: string | undefined; wear_resistance_bohme?: number | undefined; ... 23 more ...; approved_date?: string | undefined; }, any, TFieldValues> | undefined' is not assignable to type 'Resolver<{ recipe_id: string; test_date: string; test_number: string; laboratory_name: string; compliant: boolean; deviations?: string | undefined; wear_resistance_bohme?: number | undefined; ... 23 more ...; approved_date?: string | undefined; }, any, { ...; }> | undefined'.
      Type 'Resolver<{ recipe_id: string; test_date: string; test_number: string; laboratory_name: string; compliant: boolean; deviations?: string | undefined; wear_resistance_bohme?: number | undefined; ... 23 more ...; approved_date?: string | undefined; }, any, TFieldValues>' is not assignable to type 'Resolver<{ recipe_id: string; test_date: string; test_number: string; laboratory_name: string; compliant: boolean; deviations?: string | undefined; wear_resistance_bohme?: number | undefined; ... 23 more ...; approved_date?: string | undefined; }, any, { ...; }>'.
        Type 'TFieldValues' is not assignable to type '{ recipe_id: string; test_date: string; test_number: string; laboratory_name: string; compliant: boolean; deviations?: string | undefined; wear_resistance_bohme?: number | undefined; wear_resistance_bca?: number | undefined; ... 22 more ...; approved_date?: string | undefined; }'.
          Type 'FieldValues' is missing the following properties from type '{ recipe_id: string; test_date: string; test_number: string; laboratory_name: string; compliant: boolean; deviations?: string | undefined; wear_resistance_bohme?: number | undefined; wear_resistance_bca?: number | undefined; ... 22 more ...; approved_date?: string | undefined; }': recipe_id, test_date, test_number, laboratory_name, compliant
components/en13813/ITTTestModule.tsx(412,23): error TS2322: Type 'Control<{ recipe_id: string; test_date: string; test_number: string; laboratory_name: string; compliant: boolean; deviations?: string | undefined; wear_resistance_bohme?: number | undefined; ... 23 more ...; approved_date?: string | undefined; }, any, TFieldValues>' is not assignable to type 'Control<{ recipe_id: string; test_date: string; test_number: string; laboratory_name: string; compliant: boolean; deviations?: string | undefined; wear_resistance_bohme?: number | undefined; ... 23 more ...; approved_date?: string | undefined; }, any, { ...; }>'.
  The types of '_options.resolver' are incompatible between these types.
    Type 'Resolver<{ recipe_id: string; test_date: string; test_number: string; laboratory_name: string; compliant: boolean; deviations?: string | undefined; wear_resistance_bohme?: number | undefined; ... 23 more ...; approved_date?: string | undefined; }, any, TFieldValues> | undefined' is not assignable to type 'Resolver<{ recipe_id: string; test_date: string; test_number: string; laboratory_name: string; compliant: boolean; deviations?: string | undefined; wear_resistance_bohme?: number | undefined; ... 23 more ...; approved_date?: string | undefined; }, any, { ...; }> | undefined'.
      Type 'Resolver<{ recipe_id: string; test_date: string; test_number: string; laboratory_name: string; compliant: boolean; deviations?: string | undefined; wear_resistance_bohme?: number | undefined; ... 23 more ...; approved_date?: string | undefined; }, any, TFieldValues>' is not assignable to type 'Resolver<{ recipe_id: string; test_date: string; test_number: string; laboratory_name: string; compliant: boolean; deviations?: string | undefined; wear_resistance_bohme?: number | undefined; ... 23 more ...; approved_date?: string | undefined; }, any, { ...; }>'.
        Type 'TFieldValues' is not assignable to type '{ recipe_id: string; test_date: string; test_number: string; laboratory_name: string; compliant: boolean; deviations?: string | undefined; wear_resistance_bohme?: number | undefined; wear_resistance_bca?: number | undefined; ... 22 more ...; approved_date?: string | undefined; }'.
          Type 'FieldValues' is missing the following properties from type '{ recipe_id: string; test_date: string; test_number: string; laboratory_name: string; compliant: boolean; deviations?: string | undefined; wear_resistance_bohme?: number | undefined; wear_resistance_bca?: number | undefined; ... 22 more ...; approved_date?: string | undefined; }': recipe_id, test_date, test_number, laboratory_name, compliant
components/en13813/ITTTestModule.tsx(435,23): error TS2322: Type 'Control<{ recipe_id: string; test_date: string; test_number: string; laboratory_name: string; compliant: boolean; deviations?: string | undefined; wear_resistance_bohme?: number | undefined; ... 23 more ...; approved_date?: string | undefined; }, any, TFieldValues>' is not assignable to type 'Control<{ recipe_id: string; test_date: string; test_number: string; laboratory_name: string; compliant: boolean; deviations?: string | undefined; wear_resistance_bohme?: number | undefined; ... 23 more ...; approved_date?: string | undefined; }, any, { ...; }>'.
  The types of '_options.resolver' are incompatible between these types.
    Type 'Resolver<{ recipe_id: string; test_date: string; test_number: string; laboratory_name: string; compliant: boolean; deviations?: string | undefined; wear_resistance_bohme?: number | undefined; ... 23 more ...; approved_date?: string | undefined; }, any, TFieldValues> | undefined' is not assignable to type 'Resolver<{ recipe_id: string; test_date: string; test_number: string; laboratory_name: string; compliant: boolean; deviations?: string | undefined; wear_resistance_bohme?: number | undefined; ... 23 more ...; approved_date?: string | undefined; }, any, { ...; }> | undefined'.
      Type 'Resolver<{ recipe_id: string; test_date: string; test_number: string; laboratory_name: string; compliant: boolean; deviations?: string | undefined; wear_resistance_bohme?: number | undefined; ... 23 more ...; approved_date?: string | undefined; }, any, TFieldValues>' is not assignable to type 'Resolver<{ recipe_id: string; test_date: string; test_number: string; laboratory_name: string; compliant: boolean; deviations?: string | undefined; wear_resistance_bohme?: number | undefined; ... 23 more ...; approved_date?: string | undefined; }, any, { ...; }>'.
        Type 'TFieldValues' is not assignable to type '{ recipe_id: string; test_date: string; test_number: string; laboratory_name: string; compliant: boolean; deviations?: string | undefined; wear_resistance_bohme?: number | undefined; wear_resistance_bca?: number | undefined; ... 22 more ...; approved_date?: string | undefined; }'.
          Type 'FieldValues' is missing the following properties from type '{ recipe_id: string; test_date: string; test_number: string; laboratory_name: string; compliant: boolean; deviations?: string | undefined; wear_resistance_bohme?: number | undefined; wear_resistance_bca?: number | undefined; ... 22 more ...; approved_date?: string | undefined; }': recipe_id, test_date, test_number, laboratory_name, compliant
components/en13813/ITTTestModule.tsx(477,23): error TS2322: Type 'Control<{ recipe_id: string; test_date: string; test_number: string; laboratory_name: string; compliant: boolean; deviations?: string | undefined; wear_resistance_bohme?: number | undefined; ... 23 more ...; approved_date?: string | undefined; }, any, TFieldValues>' is not assignable to type 'Control<{ recipe_id: string; test_date: string; test_number: string; laboratory_name: string; compliant: boolean; deviations?: string | undefined; wear_resistance_bohme?: number | undefined; ... 23 more ...; approved_date?: string | undefined; }, any, { ...; }>'.
  The types of '_options.resolver' are incompatible between these types.
    Type 'Resolver<{ recipe_id: string; test_date: string; test_number: string; laboratory_name: string; compliant: boolean; deviations?: string | undefined; wear_resistance_bohme?: number | undefined; ... 23 more ...; approved_date?: string | undefined; }, any, TFieldValues> | undefined' is not assignable to type 'Resolver<{ recipe_id: string; test_date: string; test_number: string; laboratory_name: string; compliant: boolean; deviations?: string | undefined; wear_resistance_bohme?: number | undefined; ... 23 more ...; approved_date?: string | undefined; }, any, { ...; }> | undefined'.
      Type 'Resolver<{ recipe_id: string; test_date: string; test_number: string; laboratory_name: string; compliant: boolean; deviations?: string | undefined; wear_resistance_bohme?: number | undefined; ... 23 more ...; approved_date?: string | undefined; }, any, TFieldValues>' is not assignable to type 'Resolver<{ recipe_id: string; test_date: string; test_number: string; laboratory_name: string; compliant: boolean; deviations?: string | undefined; wear_resistance_bohme?: number | undefined; ... 23 more ...; approved_date?: string | undefined; }, any, { ...; }>'.
        Type 'TFieldValues' is not assignable to type '{ recipe_id: string; test_date: string; test_number: string; laboratory_name: string; compliant: boolean; deviations?: string | undefined; wear_resistance_bohme?: number | undefined; wear_resistance_bca?: number | undefined; ... 22 more ...; approved_date?: string | undefined; }'.
          Type 'FieldValues' is missing the following properties from type '{ recipe_id: string; test_date: string; test_number: string; laboratory_name: string; compliant: boolean; deviations?: string | undefined; wear_resistance_bohme?: number | undefined; wear_resistance_bca?: number | undefined; ... 22 more ...; approved_date?: string | undefined; }': recipe_id, test_date, test_number, laboratory_name, compliant
components/en13813/ITTTestModule.tsx(497,23): error TS2322: Type 'Control<{ recipe_id: string; test_date: string; test_number: string; laboratory_name: string; compliant: boolean; deviations?: string | undefined; wear_resistance_bohme?: number | undefined; ... 23 more ...; approved_date?: string | undefined; }, any, TFieldValues>' is not assignable to type 'Control<{ recipe_id: string; test_date: string; test_number: string; laboratory_name: string; compliant: boolean; deviations?: string | undefined; wear_resistance_bohme?: number | undefined; ... 23 more ...; approved_date?: string | undefined; }, any, { ...; }>'.
  The types of '_options.resolver' are incompatible between these types.
    Type 'Resolver<{ recipe_id: string; test_date: string; test_number: string; laboratory_name: string; compliant: boolean; deviations?: string | undefined; wear_resistance_bohme?: number | undefined; ... 23 more ...; approved_date?: string | undefined; }, any, TFieldValues> | undefined' is not assignable to type 'Resolver<{ recipe_id: string; test_date: string; test_number: string; laboratory_name: string; compliant: boolean; deviations?: string | undefined; wear_resistance_bohme?: number | undefined; ... 23 more ...; approved_date?: string | undefined; }, any, { ...; }> | undefined'.
      Type 'Resolver<{ recipe_id: string; test_date: string; test_number: string; laboratory_name: string; compliant: boolean; deviations?: string | undefined; wear_resistance_bohme?: number | undefined; ... 23 more ...; approved_date?: string | undefined; }, any, TFieldValues>' is not assignable to type 'Resolver<{ recipe_id: string; test_date: string; test_number: string; laboratory_name: string; compliant: boolean; deviations?: string | undefined; wear_resistance_bohme?: number | undefined; ... 23 more ...; approved_date?: string | undefined; }, any, { ...; }>'.
        Type 'TFieldValues' is not assignable to type '{ recipe_id: string; test_date: string; test_number: string; laboratory_name: string; compliant: boolean; deviations?: string | undefined; wear_resistance_bohme?: number | undefined; wear_resistance_bca?: number | undefined; ... 22 more ...; approved_date?: string | undefined; }'.
          Type 'FieldValues' is missing the following properties from type '{ recipe_id: string; test_date: string; test_number: string; laboratory_name: string; compliant: boolean; deviations?: string | undefined; wear_resistance_bohme?: number | undefined; wear_resistance_bca?: number | undefined; ... 22 more ...; approved_date?: string | undefined; }': recipe_id, test_date, test_number, laboratory_name, compliant
components/en13813/ITTTestModule.tsx(517,23): error TS2322: Type 'Control<{ recipe_id: string; test_date: string; test_number: string; laboratory_name: string; compliant: boolean; deviations?: string | undefined; wear_resistance_bohme?: number | undefined; ... 23 more ...; approved_date?: string | undefined; }, any, TFieldValues>' is not assignable to type 'Control<{ recipe_id: string; test_date: string; test_number: string; laboratory_name: string; compliant: boolean; deviations?: string | undefined; wear_resistance_bohme?: number | undefined; ... 23 more ...; approved_date?: string | undefined; }, any, { ...; }>'.
  The types of '_options.resolver' are incompatible between these types.
    Type 'Resolver<{ recipe_id: string; test_date: string; test_number: string; laboratory_name: string; compliant: boolean; deviations?: string | undefined; wear_resistance_bohme?: number | undefined; ... 23 more ...; approved_date?: string | undefined; }, any, TFieldValues> | undefined' is not assignable to type 'Resolver<{ recipe_id: string; test_date: string; test_number: string; laboratory_name: string; compliant: boolean; deviations?: string | undefined; wear_resistance_bohme?: number | undefined; ... 23 more ...; approved_date?: string | undefined; }, any, { ...; }> | undefined'.
      Type 'Resolver<{ recipe_id: string; test_date: string; test_number: string; laboratory_name: string; compliant: boolean; deviations?: string | undefined; wear_resistance_bohme?: number | undefined; ... 23 more ...; approved_date?: string | undefined; }, any, TFieldValues>' is not assignable to type 'Resolver<{ recipe_id: string; test_date: string; test_number: string; laboratory_name: string; compliant: boolean; deviations?: string | undefined; wear_resistance_bohme?: number | undefined; ... 23 more ...; approved_date?: string | undefined; }, any, { ...; }>'.
        Type 'TFieldValues' is not assignable to type '{ recipe_id: string; test_date: string; test_number: string; laboratory_name: string; compliant: boolean; deviations?: string | undefined; wear_resistance_bohme?: number | undefined; wear_resistance_bca?: number | undefined; ... 22 more ...; approved_date?: string | undefined; }'.
          Type 'FieldValues' is missing the following properties from type '{ recipe_id: string; test_date: string; test_number: string; laboratory_name: string; compliant: boolean; deviations?: string | undefined; wear_resistance_bohme?: number | undefined; wear_resistance_bca?: number | undefined; ... 22 more ...; approved_date?: string | undefined; }': recipe_id, test_date, test_number, laboratory_name, compliant
components/en13813/ITTTestModule.tsx(539,23): error TS2322: Type 'Control<{ recipe_id: string; test_date: string; test_number: string; laboratory_name: string; compliant: boolean; deviations?: string | undefined; wear_resistance_bohme?: number | undefined; ... 23 more ...; approved_date?: string | undefined; }, any, TFieldValues>' is not assignable to type 'Control<{ recipe_id: string; test_date: string; test_number: string; laboratory_name: string; compliant: boolean; deviations?: string | undefined; wear_resistance_bohme?: number | undefined; ... 23 more ...; approved_date?: string | undefined; }, any, { ...; }>'.
  The types of '_options.resolver' are incompatible between these types.
    Type 'Resolver<{ recipe_id: string; test_date: string; test_number: string; laboratory_name: string; compliant: boolean; deviations?: string | undefined; wear_resistance_bohme?: number | undefined; ... 23 more ...; approved_date?: string | undefined; }, any, TFieldValues> | undefined' is not assignable to type 'Resolver<{ recipe_id: string; test_date: string; test_number: string; laboratory_name: string; compliant: boolean; deviations?: string | undefined; wear_resistance_bohme?: number | undefined; ... 23 more ...; approved_date?: string | undefined; }, any, { ...; }> | undefined'.
      Type 'Resolver<{ recipe_id: string; test_date: string; test_number: string; laboratory_name: string; compliant: boolean; deviations?: string | undefined; wear_resistance_bohme?: number | undefined; ... 23 more ...; approved_date?: string | undefined; }, any, TFieldValues>' is not assignable to type 'Resolver<{ recipe_id: string; test_date: string; test_number: string; laboratory_name: string; compliant: boolean; deviations?: string | undefined; wear_resistance_bohme?: number | undefined; ... 23 more ...; approved_date?: string | undefined; }, any, { ...; }>'.
        Type 'TFieldValues' is not assignable to type '{ recipe_id: string; test_date: string; test_number: string; laboratory_name: string; compliant: boolean; deviations?: string | undefined; wear_resistance_bohme?: number | undefined; wear_resistance_bca?: number | undefined; ... 22 more ...; approved_date?: string | undefined; }'.
          Type 'FieldValues' is missing the following properties from type '{ recipe_id: string; test_date: string; test_number: string; laboratory_name: string; compliant: boolean; deviations?: string | undefined; wear_resistance_bohme?: number | undefined; wear_resistance_bca?: number | undefined; ... 22 more ...; approved_date?: string | undefined; }': recipe_id, test_date, test_number, laboratory_name, compliant
components/en13813/ITTTestModule.tsx(559,23): error TS2322: Type 'Control<{ recipe_id: string; test_date: string; test_number: string; laboratory_name: string; compliant: boolean; deviations?: string | undefined; wear_resistance_bohme?: number | undefined; ... 23 more ...; approved_date?: string | undefined; }, any, TFieldValues>' is not assignable to type 'Control<{ recipe_id: string; test_date: string; test_number: string; laboratory_name: string; compliant: boolean; deviations?: string | undefined; wear_resistance_bohme?: number | undefined; ... 23 more ...; approved_date?: string | undefined; }, any, { ...; }>'.
  The types of '_options.resolver' are incompatible between these types.
    Type 'Resolver<{ recipe_id: string; test_date: string; test_number: string; laboratory_name: string; compliant: boolean; deviations?: string | undefined; wear_resistance_bohme?: number | undefined; ... 23 more ...; approved_date?: string | undefined; }, any, TFieldValues> | undefined' is not assignable to type 'Resolver<{ recipe_id: string; test_date: string; test_number: string; laboratory_name: string; compliant: boolean; deviations?: string | undefined; wear_resistance_bohme?: number | undefined; ... 23 more ...; approved_date?: string | undefined; }, any, { ...; }> | undefined'.
      Type 'Resolver<{ recipe_id: string; test_date: string; test_number: string; laboratory_name: string; compliant: boolean; deviations?: string | undefined; wear_resistance_bohme?: number | undefined; ... 23 more ...; approved_date?: string | undefined; }, any, TFieldValues>' is not assignable to type 'Resolver<{ recipe_id: string; test_date: string; test_number: string; laboratory_name: string; compliant: boolean; deviations?: string | undefined; wear_resistance_bohme?: number | undefined; ... 23 more ...; approved_date?: string | undefined; }, any, { ...; }>'.
        Type 'TFieldValues' is not assignable to type '{ recipe_id: string; test_date: string; test_number: string; laboratory_name: string; compliant: boolean; deviations?: string | undefined; wear_resistance_bohme?: number | undefined; wear_resistance_bca?: number | undefined; ... 22 more ...; approved_date?: string | undefined; }'.
          Type 'FieldValues' is missing the following properties from type '{ recipe_id: string; test_date: string; test_number: string; laboratory_name: string; compliant: boolean; deviations?: string | undefined; wear_resistance_bohme?: number | undefined; wear_resistance_bca?: number | undefined; ... 22 more ...; approved_date?: string | undefined; }': recipe_id, test_date, test_number, laboratory_name, compliant
components/en13813/ITTTestModule.tsx(593,21): error TS2322: Type 'Control<{ recipe_id: string; test_date: string; test_number: string; laboratory_name: string; compliant: boolean; deviations?: string | undefined; wear_resistance_bohme?: number | undefined; ... 23 more ...; approved_date?: string | undefined; }, any, TFieldValues>' is not assignable to type 'Control<{ recipe_id: string; test_date: string; test_number: string; laboratory_name: string; compliant: boolean; deviations?: string | undefined; wear_resistance_bohme?: number | undefined; ... 23 more ...; approved_date?: string | undefined; }, any, { ...; }>'.
  The types of '_options.resolver' are incompatible between these types.
    Type 'Resolver<{ recipe_id: string; test_date: string; test_number: string; laboratory_name: string; compliant: boolean; deviations?: string | undefined; wear_resistance_bohme?: number | undefined; ... 23 more ...; approved_date?: string | undefined; }, any, TFieldValues> | undefined' is not assignable to type 'Resolver<{ recipe_id: string; test_date: string; test_number: string; laboratory_name: string; compliant: boolean; deviations?: string | undefined; wear_resistance_bohme?: number | undefined; ... 23 more ...; approved_date?: string | undefined; }, any, { ...; }> | undefined'.
      Type 'Resolver<{ recipe_id: string; test_date: string; test_number: string; laboratory_name: string; compliant: boolean; deviations?: string | undefined; wear_resistance_bohme?: number | undefined; ... 23 more ...; approved_date?: string | undefined; }, any, TFieldValues>' is not assignable to type 'Resolver<{ recipe_id: string; test_date: string; test_number: string; laboratory_name: string; compliant: boolean; deviations?: string | undefined; wear_resistance_bohme?: number | undefined; ... 23 more ...; approved_date?: string | undefined; }, any, { ...; }>'.
        Type 'TFieldValues' is not assignable to type '{ recipe_id: string; test_date: string; test_number: string; laboratory_name: string; compliant: boolean; deviations?: string | undefined; wear_resistance_bohme?: number | undefined; wear_resistance_bca?: number | undefined; ... 22 more ...; approved_date?: string | undefined; }'.
          Type 'FieldValues' is missing the following properties from type '{ recipe_id: string; test_date: string; test_number: string; laboratory_name: string; compliant: boolean; deviations?: string | undefined; wear_resistance_bohme?: number | undefined; wear_resistance_bca?: number | undefined; ... 22 more ...; approved_date?: string | undefined; }': recipe_id, test_date, test_number, laboratory_name, compliant
components/en13813/ITTTestModule.tsx(623,21): error TS2322: Type 'Control<{ recipe_id: string; test_date: string; test_number: string; laboratory_name: string; compliant: boolean; deviations?: string | undefined; wear_resistance_bohme?: number | undefined; ... 23 more ...; approved_date?: string | undefined; }, any, TFieldValues>' is not assignable to type 'Control<{ recipe_id: string; test_date: string; test_number: string; laboratory_name: string; compliant: boolean; deviations?: string | undefined; wear_resistance_bohme?: number | undefined; ... 23 more ...; approved_date?: string | undefined; }, any, { ...; }>'.
  The types of '_options.resolver' are incompatible between these types.
    Type 'Resolver<{ recipe_id: string; test_date: string; test_number: string; laboratory_name: string; compliant: boolean; deviations?: string | undefined; wear_resistance_bohme?: number | undefined; ... 23 more ...; approved_date?: string | undefined; }, any, TFieldValues> | undefined' is not assignable to type 'Resolver<{ recipe_id: string; test_date: string; test_number: string; laboratory_name: string; compliant: boolean; deviations?: string | undefined; wear_resistance_bohme?: number | undefined; ... 23 more ...; approved_date?: string | undefined; }, any, { ...; }> | undefined'.
      Type 'Resolver<{ recipe_id: string; test_date: string; test_number: string; laboratory_name: string; compliant: boolean; deviations?: string | undefined; wear_resistance_bohme?: number | undefined; ... 23 more ...; approved_date?: string | undefined; }, any, TFieldValues>' is not assignable to type 'Resolver<{ recipe_id: string; test_date: string; test_number: string; laboratory_name: string; compliant: boolean; deviations?: string | undefined; wear_resistance_bohme?: number | undefined; ... 23 more ...; approved_date?: string | undefined; }, any, { ...; }>'.
        Type 'TFieldValues' is not assignable to type '{ recipe_id: string; test_date: string; test_number: string; laboratory_name: string; compliant: boolean; deviations?: string | undefined; wear_resistance_bohme?: number | undefined; wear_resistance_bca?: number | undefined; ... 22 more ...; approved_date?: string | undefined; }'.
          Type 'FieldValues' is missing the following properties from type '{ recipe_id: string; test_date: string; test_number: string; laboratory_name: string; compliant: boolean; deviations?: string | undefined; wear_resistance_bohme?: number | undefined; wear_resistance_bca?: number | undefined; ... 22 more ...; approved_date?: string | undefined; }': recipe_id, test_date, test_number, laboratory_name, compliant
components/en13813/ITTTestModule.tsx(642,23): error TS2322: Type 'Control<{ recipe_id: string; test_date: string; test_number: string; laboratory_name: string; compliant: boolean; deviations?: string | undefined; wear_resistance_bohme?: number | undefined; ... 23 more ...; approved_date?: string | undefined; }, any, TFieldValues>' is not assignable to type 'Control<{ recipe_id: string; test_date: string; test_number: string; laboratory_name: string; compliant: boolean; deviations?: string | undefined; wear_resistance_bohme?: number | undefined; ... 23 more ...; approved_date?: string | undefined; }, any, { ...; }>'.
  The types of '_options.resolver' are incompatible between these types.
    Type 'Resolver<{ recipe_id: string; test_date: string; test_number: string; laboratory_name: string; compliant: boolean; deviations?: string | undefined; wear_resistance_bohme?: number | undefined; ... 23 more ...; approved_date?: string | undefined; }, any, TFieldValues> | undefined' is not assignable to type 'Resolver<{ recipe_id: string; test_date: string; test_number: string; laboratory_name: string; compliant: boolean; deviations?: string | undefined; wear_resistance_bohme?: number | undefined; ... 23 more ...; approved_date?: string | undefined; }, any, { ...; }> | undefined'.
      Type 'Resolver<{ recipe_id: string; test_date: string; test_number: string; laboratory_name: string; compliant: boolean; deviations?: string | undefined; wear_resistance_bohme?: number | undefined; ... 23 more ...; approved_date?: string | undefined; }, any, TFieldValues>' is not assignable to type 'Resolver<{ recipe_id: string; test_date: string; test_number: string; laboratory_name: string; compliant: boolean; deviations?: string | undefined; wear_resistance_bohme?: number | undefined; ... 23 more ...; approved_date?: string | undefined; }, any, { ...; }>'.
        Type 'TFieldValues' is not assignable to type '{ recipe_id: string; test_date: string; test_number: string; laboratory_name: string; compliant: boolean; deviations?: string | undefined; wear_resistance_bohme?: number | undefined; wear_resistance_bca?: number | undefined; ... 22 more ...; approved_date?: string | undefined; }'.
          Type 'FieldValues' is missing the following properties from type '{ recipe_id: string; test_date: string; test_number: string; laboratory_name: string; compliant: boolean; deviations?: string | undefined; wear_resistance_bohme?: number | undefined; wear_resistance_bca?: number | undefined; ... 22 more ...; approved_date?: string | undefined; }': recipe_id, test_date, test_number, laboratory_name, compliant
components/en13813/ITTTestModule.tsx(662,23): error TS2322: Type 'Control<{ recipe_id: string; test_date: string; test_number: string; laboratory_name: string; compliant: boolean; deviations?: string | undefined; wear_resistance_bohme?: number | undefined; ... 23 more ...; approved_date?: string | undefined; }, any, TFieldValues>' is not assignable to type 'Control<{ recipe_id: string; test_date: string; test_number: string; laboratory_name: string; compliant: boolean; deviations?: string | undefined; wear_resistance_bohme?: number | undefined; ... 23 more ...; approved_date?: string | undefined; }, any, { ...; }>'.
  The types of '_options.resolver' are incompatible between these types.
    Type 'Resolver<{ recipe_id: string; test_date: string; test_number: string; laboratory_name: string; compliant: boolean; deviations?: string | undefined; wear_resistance_bohme?: number | undefined; ... 23 more ...; approved_date?: string | undefined; }, any, TFieldValues> | undefined' is not assignable to type 'Resolver<{ recipe_id: string; test_date: string; test_number: string; laboratory_name: string; compliant: boolean; deviations?: string | undefined; wear_resistance_bohme?: number | undefined; ... 23 more ...; approved_date?: string | undefined; }, any, { ...; }> | undefined'.
      Type 'Resolver<{ recipe_id: string; test_date: string; test_number: string; laboratory_name: string; compliant: boolean; deviations?: string | undefined; wear_resistance_bohme?: number | undefined; ... 23 more ...; approved_date?: string | undefined; }, any, TFieldValues>' is not assignable to type 'Resolver<{ recipe_id: string; test_date: string; test_number: string; laboratory_name: string; compliant: boolean; deviations?: string | undefined; wear_resistance_bohme?: number | undefined; ... 23 more ...; approved_date?: string | undefined; }, any, { ...; }>'.
        Type 'TFieldValues' is not assignable to type '{ recipe_id: string; test_date: string; test_number: string; laboratory_name: string; compliant: boolean; deviations?: string | undefined; wear_resistance_bohme?: number | undefined; wear_resistance_bca?: number | undefined; ... 22 more ...; approved_date?: string | undefined; }'.
          Type 'FieldValues' is missing the following properties from type '{ recipe_id: string; test_date: string; test_number: string; laboratory_name: string; compliant: boolean; deviations?: string | undefined; wear_resistance_bohme?: number | undefined; wear_resistance_bca?: number | undefined; ... 22 more ...; approved_date?: string | undefined; }': recipe_id, test_date, test_number, laboratory_name, compliant
components/en13813/ITTTestModule.tsx(715,21): error TS2322: Type 'Control<{ recipe_id: string; test_date: string; test_number: string; laboratory_name: string; compliant: boolean; deviations?: string | undefined; wear_resistance_bohme?: number | undefined; ... 23 more ...; approved_date?: string | undefined; }, any, TFieldValues>' is not assignable to type 'Control<{ recipe_id: string; test_date: string; test_number: string; laboratory_name: string; compliant: boolean; deviations?: string | undefined; wear_resistance_bohme?: number | undefined; ... 23 more ...; approved_date?: string | undefined; }, any, { ...; }>'.
  The types of '_options.resolver' are incompatible between these types.
    Type 'Resolver<{ recipe_id: string; test_date: string; test_number: string; laboratory_name: string; compliant: boolean; deviations?: string | undefined; wear_resistance_bohme?: number | undefined; ... 23 more ...; approved_date?: string | undefined; }, any, TFieldValues> | undefined' is not assignable to type 'Resolver<{ recipe_id: string; test_date: string; test_number: string; laboratory_name: string; compliant: boolean; deviations?: string | undefined; wear_resistance_bohme?: number | undefined; ... 23 more ...; approved_date?: string | undefined; }, any, { ...; }> | undefined'.
      Type 'Resolver<{ recipe_id: string; test_date: string; test_number: string; laboratory_name: string; compliant: boolean; deviations?: string | undefined; wear_resistance_bohme?: number | undefined; ... 23 more ...; approved_date?: string | undefined; }, any, TFieldValues>' is not assignable to type 'Resolver<{ recipe_id: string; test_date: string; test_number: string; laboratory_name: string; compliant: boolean; deviations?: string | undefined; wear_resistance_bohme?: number | undefined; ... 23 more ...; approved_date?: string | undefined; }, any, { ...; }>'.
        Type 'TFieldValues' is not assignable to type '{ recipe_id: string; test_date: string; test_number: string; laboratory_name: string; compliant: boolean; deviations?: string | undefined; wear_resistance_bohme?: number | undefined; wear_resistance_bca?: number | undefined; ... 22 more ...; approved_date?: string | undefined; }'.
          Type 'FieldValues' is missing the following properties from type '{ recipe_id: string; test_date: string; test_number: string; laboratory_name: string; compliant: boolean; deviations?: string | undefined; wear_resistance_bohme?: number | undefined; wear_resistance_bca?: number | undefined; ... 22 more ...; approved_date?: string | undefined; }': recipe_id, test_date, test_number, laboratory_name, compliant
components/en13813/ITTTestModule.tsx(738,21): error TS2322: Type 'Control<{ recipe_id: string; test_date: string; test_number: string; laboratory_name: string; compliant: boolean; deviations?: string | undefined; wear_resistance_bohme?: number | undefined; ... 23 more ...; approved_date?: string | undefined; }, any, TFieldValues>' is not assignable to type 'Control<{ recipe_id: string; test_date: string; test_number: string; laboratory_name: string; compliant: boolean; deviations?: string | undefined; wear_resistance_bohme?: number | undefined; ... 23 more ...; approved_date?: string | undefined; }, any, { ...; }>'.
  The types of '_options.resolver' are incompatible between these types.
    Type 'Resolver<{ recipe_id: string; test_date: string; test_number: string; laboratory_name: string; compliant: boolean; deviations?: string | undefined; wear_resistance_bohme?: number | undefined; ... 23 more ...; approved_date?: string | undefined; }, any, TFieldValues> | undefined' is not assignable to type 'Resolver<{ recipe_id: string; test_date: string; test_number: string; laboratory_name: string; compliant: boolean; deviations?: string | undefined; wear_resistance_bohme?: number | undefined; ... 23 more ...; approved_date?: string | undefined; }, any, { ...; }> | undefined'.
      Type 'Resolver<{ recipe_id: string; test_date: string; test_number: string; laboratory_name: string; compliant: boolean; deviations?: string | undefined; wear_resistance_bohme?: number | undefined; ... 23 more ...; approved_date?: string | undefined; }, any, TFieldValues>' is not assignable to type 'Resolver<{ recipe_id: string; test_date: string; test_number: string; laboratory_name: string; compliant: boolean; deviations?: string | undefined; wear_resistance_bohme?: number | undefined; ... 23 more ...; approved_date?: string | undefined; }, any, { ...; }>'.
        Type 'TFieldValues' is not assignable to type '{ recipe_id: string; test_date: string; test_number: string; laboratory_name: string; compliant: boolean; deviations?: string | undefined; wear_resistance_bohme?: number | undefined; wear_resistance_bca?: number | undefined; ... 22 more ...; approved_date?: string | undefined; }'.
          Type 'FieldValues' is missing the following properties from type '{ recipe_id: string; test_date: string; test_number: string; laboratory_name: string; compliant: boolean; deviations?: string | undefined; wear_resistance_bohme?: number | undefined; wear_resistance_bca?: number | undefined; ... 22 more ...; approved_date?: string | undefined; }': recipe_id, test_date, test_number, laboratory_name, compliant
components/en13813/ITTTestModule.tsx(761,23): error TS2322: Type 'Control<{ recipe_id: string; test_date: string; test_number: string; laboratory_name: string; compliant: boolean; deviations?: string | undefined; wear_resistance_bohme?: number | undefined; ... 23 more ...; approved_date?: string | undefined; }, any, TFieldValues>' is not assignable to type 'Control<{ recipe_id: string; test_date: string; test_number: string; laboratory_name: string; compliant: boolean; deviations?: string | undefined; wear_resistance_bohme?: number | undefined; ... 23 more ...; approved_date?: string | undefined; }, any, { ...; }>'.
  The types of '_options.resolver' are incompatible between these types.
